<?xml version="1.0" encoding="UTF-8"?>
<!-- Generated by org.testng.reporters.JUnitReportReporter -->
<testsuite skipped="0" hostname="DESKTOP-12PDVSG" name="org.letcode.LoginTest" tests="1" failures="0" timestamp="2021-05-31T17:43:35 IST" time="15.643" errors="0">
  <testcase name="loginTest" time="15.643" classname="org.letcode.LoginTest"/>
  <system-out/>
</testsuite> <!-- org.letcode.LoginTest -->
