<?xml version="1.0" encoding="UTF-8"?>
<!-- Generated by org.testng.reporters.JUnitReportReporter -->
<testsuite skipped="0" hostname="DESKTOP-12PDVSG" name="org.javaTuto.ListofWebElements" tests="1" failures="0" timestamp="2021-06-12T19:46:54 IST" time="6.489" errors="0">
  <testcase name="ElementList" time="6.489" classname="org.javaTuto.ListofWebElements"/>
  <system-out/>
</testsuite> <!-- org.javaTuto.ListofWebElements -->
